app/build/intermediates/manifest_merge_blame_file/release/manifest-merger-blame-release-report.txt
1<?xml version="1.0" encoding="utf-8"?>
2<manifest xmlns:android="http://schemas.android.com/apk/res/android"
3    package="com.qdocs.ssre241123"
4    android:versionCode="1"
5    android:versionName="4.2" >
6
7    <uses-sdk
8        android:minSdkVersion="24"
9        android:targetSdkVersion="35" />
10
11    <uses-permission android:name="android.permission.WRITE_CALENDAR" />
11-->src\main\AndroidManifest.xml:6:5-73
11-->src\main\AndroidManifest.xml:6:22-70
12    <uses-permission android:name="android.permission.WRITE_EXTERNAL_STORAGE" />
12-->src\main\AndroidManifest.xml:7:5-81
12-->src\main\AndroidManifest.xml:7:22-78
13    <uses-permission
13-->src\main\AndroidManifest.xml:8:5-10:36
14        android:name="android.permission.CALL_PHONE"
14-->src\main\AndroidManifest.xml:9:9-53
15        android:required="false" />
15-->src\main\AndroidManifest.xml:10:9-33
16    <uses-permission android:name="android.permission.READ_EXTERNAL_STORAGE" />
16-->src\main\AndroidManifest.xml:11:5-80
16-->src\main\AndroidManifest.xml:11:22-77
17    <uses-permission android:name="android.permission.INTERNET" />
17-->src\main\AndroidManifest.xml:12:5-67
17-->src\main\AndroidManifest.xml:12:22-64
18    <uses-permission android:name="android.permission.ACCESS_NETWORK_STATE" />
18-->src\main\AndroidManifest.xml:13:5-79
18-->src\main\AndroidManifest.xml:13:22-76
19    <uses-permission android:name="android.permission.READ_CALENDAR" />
19-->src\main\AndroidManifest.xml:14:5-72
19-->src\main\AndroidManifest.xml:14:22-69
20    <uses-permission android:name="android.permission.READ_MEDIA_IMAGES" />
20-->src\main\AndroidManifest.xml:15:5-76
20-->src\main\AndroidManifest.xml:15:22-73
21    <uses-permission android:name="android.permission.READ_MEDIA_AUDIO" />
21-->src\main\AndroidManifest.xml:16:5-75
21-->src\main\AndroidManifest.xml:16:22-72
22    <uses-permission android:name="android.permission.READ_MEDIA_VIDEO" />
22-->src\main\AndroidManifest.xml:17:5-75
22-->src\main\AndroidManifest.xml:17:22-72
23    <uses-permission android:name="android.permission.READ_MEDIA_FILE" />
23-->src\main\AndroidManifest.xml:18:5-74
23-->src\main\AndroidManifest.xml:18:22-71
24    <uses-permission android:name="android.permission.POST_NOTIFICATIONS" />
24-->src\main\AndroidManifest.xml:19:5-77
24-->src\main\AndroidManifest.xml:19:22-74
25    <uses-permission android:name="android.permission.CAMERA" />
25-->src\main\AndroidManifest.xml:20:5-65
25-->src\main\AndroidManifest.xml:20:22-62
26    <uses-permission android:name="android.permission.READ_PHONE_STATE" />
26-->src\main\AndroidManifest.xml:21:5-75
26-->src\main\AndroidManifest.xml:21:22-72
27    <uses-permission android:name="android.permission.FOREGROUND_SERVICE" />
27-->src\main\AndroidManifest.xml:22:5-77
27-->src\main\AndroidManifest.xml:22:22-74
28
29    <uses-feature
29-->src\main\AndroidManifest.xml:24:5-26:36
30        android:name="android.hardware.telephony"
30-->src\main\AndroidManifest.xml:25:9-50
31        android:required="false" />
31-->src\main\AndroidManifest.xml:26:9-33
32    <uses-feature
32-->src\main\AndroidManifest.xml:27:5-29:36
33        android:name="android.hardware.camera.autofocus"
33-->src\main\AndroidManifest.xml:28:9-57
34        android:required="false" />
34-->src\main\AndroidManifest.xml:29:9-33
35    <uses-feature
35-->src\main\AndroidManifest.xml:30:5-32:35
36        android:name="android.hardware.camera"
36-->src\main\AndroidManifest.xml:31:9-47
37        android:required="true" />
37-->src\main\AndroidManifest.xml:32:9-32
38
39    <uses-permission android:name="android.permission.WAKE_LOCK" /> <!-- Required by older versions of Google Play services to create IID tokens -->
39-->[com.google.firebase:firebase-iid:20.0.0] AndroidManifest.xml:24:5-68
39-->[com.google.firebase:firebase-iid:20.0.0] AndroidManifest.xml:24:22-65
40    <uses-permission android:name="com.google.android.c2dm.permission.RECEIVE" />
40-->[com.google.firebase:firebase-iid:20.0.0] AndroidManifest.xml:26:5-82
40-->[com.google.firebase:firebase-iid:20.0.0] AndroidManifest.xml:26:22-79
41
42    <permission
42-->[androidx.core:core:1.13.0] AndroidManifest.xml:22:5-24:47
43        android:name="com.qdocs.ssre241123.DYNAMIC_RECEIVER_NOT_EXPORTED_PERMISSION"
43-->[androidx.core:core:1.13.0] AndroidManifest.xml:23:9-81
44        android:protectionLevel="signature" />
44-->[androidx.core:core:1.13.0] AndroidManifest.xml:24:9-44
45
46    <uses-permission android:name="com.qdocs.ssre241123.DYNAMIC_RECEIVER_NOT_EXPORTED_PERMISSION" />
46-->[androidx.core:core:1.13.0] AndroidManifest.xml:26:5-97
46-->[androidx.core:core:1.13.0] AndroidManifest.xml:26:22-94
47
48    <application
48-->src\main\AndroidManifest.xml:34:5-448:19
49        android:name="com.qdocs.ssre241123.utils.MyApp"
49-->src\main\AndroidManifest.xml:35:9-36
50        android:allowBackup="false"
50-->src\main\AndroidManifest.xml:36:9-36
51        android:appComponentFactory="androidx.core.app.CoreComponentFactory"
51-->[androidx.core:core:1.13.0] AndroidManifest.xml:28:18-86
52        android:configChanges="orientation|screenSize"
52-->src\main\AndroidManifest.xml:37:9-55
53        android:exported="true"
53-->src\main\AndroidManifest.xml:38:9-32
54        android:extractNativeLibs="false"
55        android:hardwareAccelerated="true"
55-->src\main\AndroidManifest.xml:39:9-43
56        android:icon="@drawable/app_icon"
56-->src\main\AndroidManifest.xml:40:9-42
57        android:label="@string/app_name"
57-->src\main\AndroidManifest.xml:41:9-41
58        android:networkSecurityConfig="@xml/network_security_config"
58-->src\main\AndroidManifest.xml:42:9-69
59        android:requestLegacyExternalStorage="true"
59-->src\main\AndroidManifest.xml:43:9-52
60        android:roundIcon="@drawable/app_icon"
60-->src\main\AndroidManifest.xml:44:9-47
61        android:supportsRtl="true"
61-->src\main\AndroidManifest.xml:45:9-35
62        android:theme="@style/AppTheme"
62-->src\main\AndroidManifest.xml:46:9-40
63        android:usesCleartextTraffic="true" >
63-->src\main\AndroidManifest.xml:47:9-44
64        <activity
64-->src\main\AndroidManifest.xml:49:9-51:40
65            android:name="com.qdocs.ssre241123.teachers.TeacherDashboard"
65-->src\main\AndroidManifest.xml:50:13-54
66            android:exported="false" />
66-->src\main\AndroidManifest.xml:51:13-37
67        <activity
67-->src\main\AndroidManifest.xml:52:9-54:40
68            android:name="com.qdocs.ssre241123.teachers.TeacherProfile"
68-->src\main\AndroidManifest.xml:53:13-52
69            android:exported="false" />
69-->src\main\AndroidManifest.xml:54:13-37
70        <activity
70-->src\main\AndroidManifest.xml:55:9-57:40
71            android:name="com.qdocs.ssre241123.teachers.TeacherReportsActivity"
71-->src\main\AndroidManifest.xml:56:13-60
72            android:exported="false" />
72-->src\main\AndroidManifest.xml:57:13-37
73        <activity
73-->src\main\AndroidManifest.xml:58:9-60:40
74            android:name="com.qdocs.ssre241123.teachers.TeacherReportCategoryActivity"
74-->src\main\AndroidManifest.xml:59:13-67
75            android:exported="false" />
75-->src\main\AndroidManifest.xml:60:13-37
76        <activity
76-->src\main\AndroidManifest.xml:61:9-63:40
77            android:name="com.qdocs.ssre241123.teachers.TeacherReportDetailActivity"
77-->src\main\AndroidManifest.xml:62:13-65
78            android:exported="false" />
78-->src\main\AndroidManifest.xml:63:13-37
79        <activity
79-->src\main\AndroidManifest.xml:64:9-66:40
80            android:name="com.qdocs.ssre241123.teachers.StudentReportActivity"
80-->src\main\AndroidManifest.xml:65:13-59
81            android:exported="false" />
81-->src\main\AndroidManifest.xml:66:13-37
82        <activity
82-->src\main\AndroidManifest.xml:67:9-69:40
83            android:name="com.qdocs.ssre241123.teachers.StudentProfileReportActivity"
83-->src\main\AndroidManifest.xml:68:13-66
84            android:exported="false" />
84-->src\main\AndroidManifest.xml:69:13-37
85        <activity
85-->src\main\AndroidManifest.xml:70:9-72:40
86            android:name="com.qdocs.ssre241123.teachers.ClassSectionReportActivity"
86-->src\main\AndroidManifest.xml:71:13-64
87            android:exported="false" />
87-->src\main\AndroidManifest.xml:72:13-37
88        <activity
88-->src\main\AndroidManifest.xml:73:9-75:40
89            android:name="com.qdocs.ssre241123.teachers.OnlineAdmissionReportActivity"
89-->src\main\AndroidManifest.xml:74:13-67
90            android:exported="false" />
90-->src\main\AndroidManifest.xml:75:13-37
91        <activity
91-->src\main\AndroidManifest.xml:76:9-78:40
92            android:name="com.qdocs.ssre241123.teachers.StudentTeacherRatioActivity"
92-->src\main\AndroidManifest.xml:77:13-65
93            android:exported="false" />
93-->src\main\AndroidManifest.xml:78:13-37
94        <activity
94-->src\main\AndroidManifest.xml:79:9-81:40
95            android:name="com.qdocs.ssre241123.teachers.ClassSubjectReportActivity"
95-->src\main\AndroidManifest.xml:80:13-64
96            android:exported="false" />
96-->src\main\AndroidManifest.xml:81:13-37
97        <activity
97-->src\main\AndroidManifest.xml:82:9-84:40
98            android:name="com.qdocs.ssre241123.teachers.StudentHistoryActivity"
98-->src\main\AndroidManifest.xml:83:13-60
99            android:exported="false" />
99-->src\main\AndroidManifest.xml:84:13-37
100        <activity
100-->src\main\AndroidManifest.xml:85:9-87:40
101            android:name="com.qdocs.ssre241123.teachers.AdmissionReportActivity"
101-->src\main\AndroidManifest.xml:86:13-61
102            android:exported="false" />
102-->src\main\AndroidManifest.xml:87:13-37
103        <activity
103-->src\main\AndroidManifest.xml:88:9-90:40
104            android:name="com.qdocs.ssre241123.teachers.DueFeeReportActivity"
104-->src\main\AndroidManifest.xml:89:13-58
105            android:exported="false" />
105-->src\main\AndroidManifest.xml:90:13-37
106        <activity
106-->src\main\AndroidManifest.xml:91:9-93:40
107            android:name="com.qdocs.ssre241123.teachers.YearReportDueFeeActivity"
107-->src\main\AndroidManifest.xml:92:13-62
108            android:exported="false" />
108-->src\main\AndroidManifest.xml:93:13-37
109        <activity
109-->src\main\AndroidManifest.xml:94:9-96:40
110            android:name="com.qdocs.ssre241123.teachers.DailyCollectionReportActivity"
110-->src\main\AndroidManifest.xml:95:13-67
111            android:exported="false" />
111-->src\main\AndroidManifest.xml:96:13-37
112        <activity
112-->src\main\AndroidManifest.xml:97:9-99:40
113            android:name="com.qdocs.ssre241123.teachers.OnlineFeesReportActivity"
113-->src\main\AndroidManifest.xml:98:13-62
114            android:exported="false" />
114-->src\main\AndroidManifest.xml:99:13-37
115        <activity
115-->src\main\AndroidManifest.xml:100:9-102:40
116            android:name="com.qdocs.ssre241123.teachers.OnlineAdmissionFeeReportActivity"
116-->src\main\AndroidManifest.xml:101:13-70
117            android:exported="false" />
117-->src\main\AndroidManifest.xml:102:13-37
118        <activity
118-->src\main\AndroidManifest.xml:103:9-105:40
119            android:name="com.qdocs.ssre241123.teachers.IncomeReportActivity"
119-->src\main\AndroidManifest.xml:104:13-58
120            android:exported="false" />
120-->src\main\AndroidManifest.xml:105:13-37
121        <activity
121-->src\main\AndroidManifest.xml:106:9-108:40
122            android:name="com.qdocs.ssre241123.teachers.IncomeGroupReportActivity"
122-->src\main\AndroidManifest.xml:107:13-63
123            android:exported="false" />
123-->src\main\AndroidManifest.xml:108:13-37
124        <activity
124-->src\main\AndroidManifest.xml:109:9-111:40
125            android:name="com.qdocs.ssre241123.teachers.ExpenseReportActivity"
125-->src\main\AndroidManifest.xml:110:13-59
126            android:exported="false" />
126-->src\main\AndroidManifest.xml:111:13-37
127        <activity
127-->src\main\AndroidManifest.xml:112:9-114:40
128            android:name="com.qdocs.ssre241123.teachers.ExpenseGroupReportActivity"
128-->src\main\AndroidManifest.xml:113:13-64
129            android:exported="false" />
129-->src\main\AndroidManifest.xml:114:13-37
130        <activity
130-->src\main\AndroidManifest.xml:115:9-117:40
131            android:name="com.qdocs.ssre241123.teachers.PayrollReportActivity"
131-->src\main\AndroidManifest.xml:116:13-59
132            android:exported="false" />
132-->src\main\AndroidManifest.xml:117:13-37
133        <activity
133-->src\main\AndroidManifest.xml:118:9-120:40
134            android:name="com.qdocs.ssre241123.teachers.AlumniReportActivity"
134-->src\main\AndroidManifest.xml:119:13-58
135            android:exported="false" />
135-->src\main\AndroidManifest.xml:120:13-37
136        <activity
136-->src\main\AndroidManifest.xml:121:9-123:40
137            android:name="com.qdocs.ssre241123.teachers.ClassAttendanceReportActivity"
137-->src\main\AndroidManifest.xml:122:13-67
138            android:exported="false" />
138-->src\main\AndroidManifest.xml:123:13-37
139        <activity
139-->src\main\AndroidManifest.xml:124:9-126:40
140            android:name="com.qdocs.ssre241123.teachers.UserLogReportActivity"
140-->src\main\AndroidManifest.xml:125:13-59
141            android:exported="false" />
141-->src\main\AndroidManifest.xml:126:13-37
142        <activity
142-->src\main\AndroidManifest.xml:127:9-129:40
143            android:name="com.qdocs.ssre241123.teachers.TypeWiseBalanceReportActivity"
143-->src\main\AndroidManifest.xml:128:13-67
144            android:exported="false" />
144-->src\main\AndroidManifest.xml:129:13-37
145        <activity
145-->src\main\AndroidManifest.xml:130:9-132:40
146            android:name="com.qdocs.ssre241123.teachers.FeeCollectionReportColumnWiseActivity"
146-->src\main\AndroidManifest.xml:131:13-75
147            android:exported="false" />
147-->src\main\AndroidManifest.xml:132:13-37
148        <activity
148-->src\main\AndroidManifest.xml:133:9-136:52
149            android:name="com.qdocs.ssre241123.teachers.TotalBalanceFeesReportActivity"
149-->src\main\AndroidManifest.xml:134:13-68
150            android:exported="false"
150-->src\main\AndroidManifest.xml:135:13-37
151            android:screenOrientation="portrait" />
151-->src\main\AndroidManifest.xml:136:13-49
152        <activity
152-->src\main\AndroidManifest.xml:137:9-140:52
153            android:name="com.qdocs.ssre241123.teachers.TotalFeeCollectionReportActivity"
153-->src\main\AndroidManifest.xml:138:13-70
154            android:exported="false"
154-->src\main\AndroidManifest.xml:139:13-37
155            android:screenOrientation="portrait" />
155-->src\main\AndroidManifest.xml:140:13-49
156        <activity
156-->src\main\AndroidManifest.xml:141:9-144:52
157            android:name="com.qdocs.ssre241123.teachers.FeesCollectionReportActivity"
157-->src\main\AndroidManifest.xml:142:13-66
158            android:exported="false"
158-->src\main\AndroidManifest.xml:143:13-37
159            android:screenOrientation="portrait" />
159-->src\main\AndroidManifest.xml:144:13-49
160        <activity
160-->src\main\AndroidManifest.xml:145:9-148:52
161            android:name="com.qdocs.ssre241123.teachers.OtherFeesCollectionReportActivity"
161-->src\main\AndroidManifest.xml:146:13-71
162            android:exported="false"
162-->src\main\AndroidManifest.xml:147:13-37
163            android:screenOrientation="portrait" />
163-->src\main\AndroidManifest.xml:148:13-49
164        <activity
164-->src\main\AndroidManifest.xml:149:9-152:52
165            android:name="com.qdocs.ssre241123.teachers.OtherCollectionReportActivity"
165-->src\main\AndroidManifest.xml:150:13-67
166            android:exported="false"
166-->src\main\AndroidManifest.xml:151:13-37
167            android:screenOrientation="portrait" />
167-->src\main\AndroidManifest.xml:152:13-49
168        <activity
168-->src\main\AndroidManifest.xml:153:9-156:52
169            android:name="com.qdocs.ssre241123.teachers.OtherFeeAndCollectionFeeCombinedActivity"
169-->src\main\AndroidManifest.xml:154:13-78
170            android:exported="false"
170-->src\main\AndroidManifest.xml:155:13-37
171            android:screenOrientation="portrait" />
171-->src\main\AndroidManifest.xml:156:13-49
172        <activity
172-->src\main\AndroidManifest.xml:157:9-160:52
173            android:name="com.qdocs.ssre241123.teachers.BalanceFeesReportActivity"
173-->src\main\AndroidManifest.xml:158:13-63
174            android:exported="false"
174-->src\main\AndroidManifest.xml:159:13-37
175            android:screenOrientation="portrait" />
175-->src\main\AndroidManifest.xml:160:13-49
176        <activity
176-->src\main\AndroidManifest.xml:161:9-164:52
177            android:name="com.qdocs.ssre241123.teachers.BalanceFeesReportWithRemarkActivity"
177-->src\main\AndroidManifest.xml:162:13-73
178            android:exported="false"
178-->src\main\AndroidManifest.xml:163:13-37
179            android:screenOrientation="portrait" />
179-->src\main\AndroidManifest.xml:164:13-49
180        <activity
180-->src\main\AndroidManifest.xml:165:9-168:52
181            android:name="com.qdocs.ssre241123.teachers.FeesStatementActivity"
181-->src\main\AndroidManifest.xml:166:13-59
182            android:exported="false"
182-->src\main\AndroidManifest.xml:167:13-37
183            android:screenOrientation="portrait" />
183-->src\main\AndroidManifest.xml:168:13-49
184        <activity
184-->src\main\AndroidManifest.xml:169:9-171:40
185            android:name="com.qdocs.ssre241123.teachers.ParentLoginActivity"
185-->src\main\AndroidManifest.xml:170:13-57
186            android:exported="false" />
186-->src\main\AndroidManifest.xml:171:13-37
187        <activity
187-->src\main\AndroidManifest.xml:172:9-174:40
188            android:name="com.qdocs.ssre241123.teachers.StudentLoginActivity"
188-->src\main\AndroidManifest.xml:173:13-58
189            android:exported="false" />
189-->src\main\AndroidManifest.xml:174:13-37
190        <activity
190-->src\main\AndroidManifest.xml:175:9-177:40
191            android:name="com.qdocs.ssre241123.teachers.GuardianReportActivity"
191-->src\main\AndroidManifest.xml:176:13-60
192            android:exported="false" />
192-->src\main\AndroidManifest.xml:177:13-37
193        <activity
193-->src\main\AndroidManifest.xml:178:9-180:40
194            android:name="com.qdocs.ssre241123.teachers.TeacherStudentDetailsActivity"
194-->src\main\AndroidManifest.xml:179:13-67
195            android:exported="false" />
195-->src\main\AndroidManifest.xml:180:13-37
196        <activity
196-->src\main\AndroidManifest.xml:181:9-183:40
197            android:name="com.qdocs.ssre241123.teachers.StudentCategoriesActivity"
197-->src\main\AndroidManifest.xml:182:13-63
198            android:exported="false" />
198-->src\main\AndroidManifest.xml:183:13-37
199        <activity
199-->src\main\AndroidManifest.xml:184:9-186:40
200            android:name="com.qdocs.ssre241123.teachers.StudentHousesActivity"
200-->src\main\AndroidManifest.xml:185:13-59
201            android:exported="false" />
201-->src\main\AndroidManifest.xml:186:13-37
202        <activity
202-->src\main\AndroidManifest.xml:187:9-189:40
203            android:name="com.qdocs.ssre241123.teachers.DisableReasonsActivity"
203-->src\main\AndroidManifest.xml:188:13-60
204            android:exported="false" />
204-->src\main\AndroidManifest.xml:189:13-37
205        <activity
205-->src\main\AndroidManifest.xml:190:9-192:40
206            android:name="com.qdocs.ssre241123.teachers.TeacherSubmenuActivity"
206-->src\main\AndroidManifest.xml:191:13-60
207            android:exported="false" />
207-->src\main\AndroidManifest.xml:192:13-37
208        <activity
208-->src\main\AndroidManifest.xml:193:9-195:40
209            android:name="com.qdocs.ssre241123.teachers.TeacherLogin"
209-->src\main\AndroidManifest.xml:194:13-50
210            android:exported="false" />
210-->src\main\AndroidManifest.xml:195:13-37
211        <activity
211-->src\main\AndroidManifest.xml:196:9-198:40
212            android:name="com.qdocs.ssre241123.students.CbseExaminationActivity"
212-->src\main\AndroidManifest.xml:197:13-61
213            android:exported="false" />
213-->src\main\AndroidManifest.xml:198:13-37
214        <activity
214-->src\main\AndroidManifest.xml:199:9-201:40
215            android:name="com.qdocs.ssre241123.students.CbseTimeTableActivity"
215-->src\main\AndroidManifest.xml:200:13-59
216            android:exported="false" />
216-->src\main\AndroidManifest.xml:201:13-37
217        <activity
217-->src\main\AndroidManifest.xml:202:9-204:40
218            android:name="com.qdocs.ssre241123.students.StudentOfflinePayment"
218-->src\main\AndroidManifest.xml:203:13-59
219            android:exported="false" />
219-->src\main\AndroidManifest.xml:204:13-37
220        <activity
220-->src\main\AndroidManifest.xml:205:9-207:39
221            android:name="com.qdocs.ssre241123.students.BehaviourComment"
221-->src\main\AndroidManifest.xml:206:13-54
222            android:exported="true" />
222-->src\main\AndroidManifest.xml:207:13-36
223        <activity
223-->src\main\AndroidManifest.xml:208:9-210:39
224            android:name="com.qdocs.ssre241123.students.StudentVideoTutorialPlay"
224-->src\main\AndroidManifest.xml:209:13-62
225            android:exported="true" />
225-->src\main\AndroidManifest.xml:210:13-36
226        <activity
226-->src\main\AndroidManifest.xml:211:9-213:39
227            android:name="com.qdocs.ssre241123.students.StudentHomeworkNew"
227-->src\main\AndroidManifest.xml:212:13-56
228            android:exported="true" />
228-->src\main\AndroidManifest.xml:213:13-36
229        <activity
229-->src\main\AndroidManifest.xml:214:9-216:39
230            android:name="com.qdocs.ssre241123.students.NewDashboard"
230-->src\main\AndroidManifest.xml:215:13-50
231            android:exported="true" />
231-->src\main\AndroidManifest.xml:216:13-36
232        <activity
232-->src\main\AndroidManifest.xml:217:9-219:39
233            android:name="com.qdocs.ssre241123.students.StudentCoursePerformance"
233-->src\main\AndroidManifest.xml:218:13-62
234            android:exported="true" />
234-->src\main\AndroidManifest.xml:219:13-36
235        <activity
235-->src\main\AndroidManifest.xml:220:9-222:39
236            android:name="com.qdocs.ssre241123.students.StudentUploadDocument"
236-->src\main\AndroidManifest.xml:221:13-59
237            android:exported="true" />
237-->src\main\AndroidManifest.xml:222:13-36
238        <activity
238-->src\main\AndroidManifest.xml:223:9-225:39
239            android:name="com.qdocs.ssre241123.students.StudentDailyAssignment"
239-->src\main\AndroidManifest.xml:224:13-60
240            android:exported="true" />
240-->src\main\AndroidManifest.xml:225:13-36
241        <activity
241-->src\main\AndroidManifest.xml:226:9-228:39
242            android:name="com.qdocs.ssre241123.students.StudentProcessingFees"
242-->src\main\AndroidManifest.xml:227:13-59
243            android:exported="true" />
243-->src\main\AndroidManifest.xml:228:13-36
244        <activity
244-->src\main\AndroidManifest.xml:229:9-232:39
245            android:name="com.qdocs.ssre241123.students.StudentCourseDetail"
245-->src\main\AndroidManifest.xml:230:13-57
246            android:configChanges="orientation|keyboardHidden|screenSize|layoutDirection"
246-->src\main\AndroidManifest.xml:231:13-90
247            android:exported="true" />
247-->src\main\AndroidManifest.xml:232:13-36
248        <activity
248-->src\main\AndroidManifest.xml:233:9-235:39
249            android:name="com.qdocs.ssre241123.students.StudentOnlineCourse"
249-->src\main\AndroidManifest.xml:234:13-57
250            android:exported="true" />
250-->src\main\AndroidManifest.xml:235:13-36
251        <activity
251-->src\main\AndroidManifest.xml:236:9-239:39
252            android:name="com.qdocs.ssre241123.students.StudentStartLessonActivity"
252-->src\main\AndroidManifest.xml:237:13-64
253            android:configChanges="keyboardHidden|orientation|screenSize|layoutDirection|uiMode"
253-->src\main\AndroidManifest.xml:238:13-97
254            android:exported="true" />
254-->src\main\AndroidManifest.xml:239:13-36
255        <activity
255-->src\main\AndroidManifest.xml:240:9-242:39
256            android:name="com.qdocs.ssre241123.students.StudentLiveClasses"
256-->src\main\AndroidManifest.xml:241:13-56
257            android:exported="true" />
257-->src\main\AndroidManifest.xml:242:13-36
258        <activity
258-->src\main\AndroidManifest.xml:243:9-245:39
259            android:name="com.qdocs.ssre241123.students.CourseExamResult"
259-->src\main\AndroidManifest.xml:244:13-54
260            android:exported="true" />
260-->src\main\AndroidManifest.xml:245:13-36
261        <activity
261-->src\main\AndroidManifest.xml:246:9-248:39
262            android:name="com.qdocs.ssre241123.students.StudentOfflinePaymentList"
262-->src\main\AndroidManifest.xml:247:13-63
263            android:exported="true" />
263-->src\main\AndroidManifest.xml:248:13-36
264        <activity
264-->src\main\AndroidManifest.xml:249:9-251:39
265            android:name="com.qdocs.ssre241123.students.StudentGmeetLiveClasses"
265-->src\main\AndroidManifest.xml:250:13-61
266            android:exported="true" />
266-->src\main\AndroidManifest.xml:251:13-36
267        <activity
267-->src\main\AndroidManifest.xml:252:9-254:39
268            android:name="com.qdocs.ssre241123.students.StudentBehaviourReport"
268-->src\main\AndroidManifest.xml:253:13-60
269            android:exported="true" />
269-->src\main\AndroidManifest.xml:254:13-36
270        <activity
270-->src\main\AndroidManifest.xml:255:9-257:39
271            android:name="com.qdocs.ssre241123.students.NotificationList"
271-->src\main\AndroidManifest.xml:256:13-54
272            android:exported="true" />
272-->src\main\AndroidManifest.xml:257:13-36
273        <activity
273-->src\main\AndroidManifest.xml:258:9-260:39
274            android:name="com.qdocs.ssre241123.students.AddCourseAssignment"
274-->src\main\AndroidManifest.xml:259:13-57
275            android:exported="true" />
275-->src\main\AndroidManifest.xml:260:13-36
276        <activity
276-->src\main\AndroidManifest.xml:261:9-263:39
277            android:name="com.qdocs.ssre241123.students.OnlineCourseExam"
277-->src\main\AndroidManifest.xml:262:13-54
278            android:exported="true" />
278-->src\main\AndroidManifest.xml:263:13-36
279        <activity
279-->src\main\AndroidManifest.xml:264:9-267:39
280            android:name="com.qdocs.ssre241123.students.StudentOnlineExamQuestionsNew"
280-->src\main\AndroidManifest.xml:265:13-67
281            android:configChanges="orientation|screenSize"
281-->src\main\AndroidManifest.xml:266:13-59
282            android:exported="true" />
282-->src\main\AndroidManifest.xml:267:13-36
283        <activity
283-->src\main\AndroidManifest.xml:268:9-270:39
284            android:name="com.qdocs.ssre241123.students.StudentOnlineExamResult"
284-->src\main\AndroidManifest.xml:269:13-61
285            android:exported="true" />
285-->src\main\AndroidManifest.xml:270:13-36
286        <activity
286-->src\main\AndroidManifest.xml:271:9-273:39
287            android:name="com.qdocs.ssre241123.students.StudentOnlineExam"
287-->src\main\AndroidManifest.xml:272:13-55
288            android:exported="true" />
288-->src\main\AndroidManifest.xml:273:13-36
289        <activity
289-->src\main\AndroidManifest.xml:274:9-276:39
290            android:name="com.qdocs.ssre241123.AboutSchool"
290-->src\main\AndroidManifest.xml:275:13-40
291            android:exported="true" />
291-->src\main\AndroidManifest.xml:276:13-36
292        <activity
292-->src\main\AndroidManifest.xml:277:9-279:39
293            android:name="com.qdocs.ssre241123.students.StudentTimeline"
293-->src\main\AndroidManifest.xml:278:13-53
294            android:exported="true" />
294-->src\main\AndroidManifest.xml:279:13-36
295        <activity
295-->src\main\AndroidManifest.xml:280:9-282:39
296            android:name="com.qdocs.ssre241123.students.StudentAddTimeLine"
296-->src\main\AndroidManifest.xml:281:13-56
297            android:exported="true" />
297-->src\main\AndroidManifest.xml:282:13-36
298        <activity
298-->src\main\AndroidManifest.xml:283:9-285:39
299            android:name="com.qdocs.ssre241123.students.StudentEditTimeLine"
299-->src\main\AndroidManifest.xml:284:13-57
300            android:exported="true" />
300-->src\main\AndroidManifest.xml:285:13-36
301        <activity
301-->src\main\AndroidManifest.xml:286:9-288:39
302            android:name="com.qdocs.ssre241123.students.StudentDocuments"
302-->src\main\AndroidManifest.xml:287:13-54
303            android:exported="true" />
303-->src\main\AndroidManifest.xml:288:13-36
304        <activity
304-->src\main\AndroidManifest.xml:289:9-297:20
305            android:name="com.qdocs.ssre241123.SplashActivity"
305-->src\main\AndroidManifest.xml:290:13-43
306            android:exported="true" >
306-->src\main\AndroidManifest.xml:291:13-36
307            <intent-filter>
307-->src\main\AndroidManifest.xml:292:13-296:29
308                <action android:name="android.intent.action.MAIN" />
308-->src\main\AndroidManifest.xml:293:17-69
308-->src\main\AndroidManifest.xml:293:25-66
309
310                <category android:name="android.intent.category.LAUNCHER" />
310-->src\main\AndroidManifest.xml:295:17-77
310-->src\main\AndroidManifest.xml:295:27-74
311            </intent-filter>
312        </activity>
313        <activity
313-->src\main\AndroidManifest.xml:298:9-300:39
314            android:name="com.qdocs.ssre241123.Login"
314-->src\main\AndroidManifest.xml:299:13-34
315            android:exported="true" />
315-->src\main\AndroidManifest.xml:300:13-36
316        <activity
316-->src\main\AndroidManifest.xml:301:9-303:39